<?xml version="1.0" encoding="UTF-8"?>
<testng-results ignored="0" total="1" passed="1" failed="0" skipped="0">
  <reporter-output>
  </reporter-output>
  <suite started-at="2020-05-11T17:34:13Z" name="Default suite" finished-at="2020-05-11T17:34:44Z" duration-ms="31491">
    <groups>
    </groups>
    <test started-at="2020-05-11T17:34:13Z" name="Default test" finished-at="2020-05-11T17:34:44Z" duration-ms="31491">
      <class name="com.amazon.pages.HomePageTests">
        <test-method is-config="true" signature="HomePageTest_Report()[pri:0, instance:com.amazon.pages.HomePageTests@2aa3cd93]" started-at="2020-05-11T17:34:12Z" name="HomePageTest_Report" finished-at="2020-05-11T17:34:13Z" duration-ms="633" status="PASS">
          <reporter-output>
          </reporter-output>
        </test-method> <!-- HomePageTest_Report -->
        <test-method is-config="true" signature="OpenBrowser()[pri:0, instance:com.amazon.pages.HomePageTests@2aa3cd93]" started-at="2020-05-11T17:34:13Z" name="OpenBrowser" finished-at="2020-05-11T17:34:33Z" duration-ms="20204" status="PASS">
          <reporter-output>
          </reporter-output>
        </test-method> <!-- OpenBrowser -->
        <test-method signature="tc_62()[pri:0, instance:com.amazon.pages.HomePageTests@2aa3cd93]" started-at="2020-05-11T17:34:33Z" name="tc_62" finished-at="2020-05-11T17:34:38Z" duration-ms="4928" status="PASS">
          <reporter-output>
          </reporter-output>
        </test-method> <!-- tc_62 -->
        <test-method is-config="true" signature="tearTest(org.testng.ITestResult)[pri:0, instance:com.amazon.pages.HomePageTests@2aa3cd93]" started-at="2020-05-11T17:34:38Z" name="tearTest" finished-at="2020-05-11T17:34:41Z" duration-ms="3088" status="PASS">
          <params>
            <param index="0">
              <value>
                <![CDATA[[TestResult name=tc_62 status=SUCCESS method=HomePageTests.tc_62()[pri:0, instance:com.amazon.pages.HomePageTests@2aa3cd93] output={null}]]]>
              </value>
            </param>
          </params>
          <reporter-output>
          </reporter-output>
        </test-method> <!-- tearTest -->
        <test-method is-config="true" signature="quitDriver()[pri:0, instance:com.amazon.pages.HomePageTests@2aa3cd93]" started-at="2020-05-11T17:34:41Z" name="quitDriver" finished-at="2020-05-11T17:34:44Z" duration-ms="3183" status="PASS">
          <reporter-output>
          </reporter-output>
        </test-method> <!-- quitDriver -->
      </class> <!-- com.amazon.pages.HomePageTests -->
    </test> <!-- Default test -->
  </suite> <!-- Default suite -->
</testng-results>
